# JRE version: OpenJDK Runtime Environment (17.0.6) (build 17.0.6+0-b2043.56-9586694)
# Java VM: OpenJDK 64-Bit Server VM (17.0.6+0-b2043.56-9586694, mixed mode, tiered, compressed oops, compressed class ptrs, g1 gc, windows-amd64)
GC Precious Log:
 CPUs: 16 total, 16 available
 Memory: 15791M
 Large Page Support: Disabled
 NUMA Support: Disabled
 Compressed Oops: Enabled (32-bit)
 Heap Region Size: 1M
 Heap Min Capacity: 8M
 Heap Initial Capacity: 248M
 Heap Max Capacity: 2G
 Pre-touch: Disabled
 Parallel Workers: 13
 Concurrent Workers: 3
 Concurrent Refinement Workers: 13
 Periodic GC: Disabled
Heap:
 garbage-first heap   total 301056K, used 236967K [0x0000000080000000, 0x0000000100000000)
  region size 1024K, 70 young (71680K), 2 survivors (2048K)
 Metaspace       used 145256K, committed 146176K, reserved 1179648K
  class space    used 19539K, committed 19968K, reserved 1048576K
GC Heap History (20 events):
Event: 16.353 GC heap before
{Heap before GC invocations=61 (full 0):
 garbage-first heap   total 278528K, used 221499K [0x0000000080000000, 0x0000000100000000)
  region size 1024K, 66 young (67584K), 6 survivors (6144K)
 Metaspace       used 111173K, committed 111872K, reserved 1146880K
  class space    used 14813K, committed 15168K, reserved 1048576K
}
Event: 16.357 GC heap after
{Heap after GC invocations=62 (full 0):
 garbage-first heap   total 278528K, used 165760K [0x0000000080000000, 0x0000000100000000)
  region size 1024K, 9 young (9216K), 9 survivors (9216K)
 Metaspace       used 111173K, committed 111872K, reserved 1146880K
  class space    used 14813K, committed 15168K, reserved 1048576K
}
Event: 17.055 GC heap before
{Heap before GC invocations=62 (full 0):
 garbage-first heap   total 278528K, used 224128K [0x0000000080000000, 0x0000000100000000)
  region size 1024K, 66 young (67584K), 9 survivors (9216K)
 Metaspace       used 111689K, committed 112448K, reserved 1146880K
  class space    used 14873K, committed 15232K, reserved 1048576K
}
Event: 17.058 GC heap after
{Heap after GC invocations=63 (full 0):
 garbage-first heap   total 278528K, used 165359K [0x0000000080000000, 0x0000000100000000)
  region size 1024K, 2 young (2048K), 2 survivors (2048K)
 Metaspace       used 111689K, committed 112448K, reserved 1146880K
  class space    used 14873K, committed 15232K, reserved 1048576K
}
Event: 18.956 GC heap before
{Heap before GC invocations=63 (full 0):
 garbage-first heap   total 278528K, used 227823K [0x0000000080000000, 0x0000000100000000)
  region size 1024K, 64 young (65536K), 2 survivors (2048K)
 Metaspace       used 115967K, committed 116736K, reserved 1155072K
  class space    used 15395K, committed 15744K, reserved 1048576K
}
Event: 18.961 GC heap after
{Heap after GC invocations=64 (full 0):
 garbage-first heap   total 278528K, used 171272K [0x0000000080000000, 0x0000000100000000)
  region size 1024K, 8 young (8192K), 8 survivors (8192K)
 Metaspace       used 115967K, committed 116736K, reserved 1155072K
  class space    used 15395K, committed 15744K, reserved 1048576K
}
Event: 19.557 GC heap before
{Heap before GC invocations=64 (full 0):
 garbage-first heap   total 278528K, used 237832K [0x0000000080000000, 0x0000000100000000)
  region size 1024K, 65 young (66560K), 8 survivors (8192K)
 Metaspace       used 120413K, committed 121280K, reserved 1155072K
  class space    used 15872K, committed 16320K, reserved 1048576K
}
Event: 19.562 GC heap after
{Heap after GC invocations=65 (full 0):
 garbage-first heap   total 278528K, used 177959K [0x0000000080000000, 0x0000000100000000)
  region size 1024K, 3 young (3072K), 3 survivors (3072K)
 Metaspace       used 120413K, committed 121280K, reserved 1155072K
  class space    used 15872K, committed 16320K, reserved 1048576K
}
Event: 19.601 GC heap before
{Heap before GC invocations=65 (full 0):
 garbage-first heap   total 278528K, used 181031K [0x0000000080000000, 0x0000000100000000)
  region size 1024K, 7 young (7168K), 3 survivors (3072K)
 Metaspace       used 121381K, committed 122176K, reserved 1155072K
  class space    used 15996K, committed 16384K, reserved 1048576K
}
Event: 19.604 GC heap after
{Heap after GC invocations=66 (full 0):
 garbage-first heap   total 278528K, used 177905K [0x0000000080000000, 0x0000000100000000)
  region size 1024K, 3 young (3072K), 3 survivors (3072K)
 Metaspace       used 121381K, committed 122176K, reserved 1155072K
  class space    used 15996K, committed 16384K, reserved 1048576K
}
Event: 20.699 GC heap before
{Heap before GC invocations=67 (full 0):
 garbage-first heap   total 293888K, used 231153K [0x0000000080000000, 0x0000000100000000)
  region size 1024K, 58 young (59392K), 3 survivors (3072K)
 Metaspace       used 127332K, committed 128192K, reserved 1163264K
  class space    used 16576K, committed 17024K, reserved 1048576K
}
Event: 20.705 GC heap after
{Heap after GC invocations=68 (full 0):
 garbage-first heap   total 293888K, used 183204K [0x0000000080000000, 0x0000000100000000)
  region size 1024K, 8 young (8192K), 8 survivors (8192K)
 Metaspace       used 127332K, committed 128192K, reserved 1163264K
  class space    used 16576K, committed 17024K, reserved 1048576K
}
Event: 20.863 GC heap before
{Heap before GC invocations=68 (full 0):
 garbage-first heap   total 293888K, used 188324K [0x0000000080000000, 0x0000000100000000)
  region size 1024K, 14 young (14336K), 8 survivors (8192K)
 Metaspace       used 127899K, committed 128768K, reserved 1163264K
  class space    used 16615K, committed 17024K, reserved 1048576K
}
Event: 20.869 GC heap after
{Heap after GC invocations=69 (full 0):
 garbage-first heap   total 293888K, used 157663K [0x0000000080000000, 0x0000000100000000)
  region size 1024K, 2 young (2048K), 2 survivors (2048K)
 Metaspace       used 127899K, committed 128768K, reserved 1163264K
  class space    used 16615K, committed 17024K, reserved 1048576K
}
Event: 23.042 GC heap before
{Heap before GC invocations=69 (full 0):
 garbage-first heap   total 293888K, used 242655K [0x0000000080000000, 0x0000000100000000)
  region size 1024K, 84 young (86016K), 2 survivors (2048K)
 Metaspace       used 130185K, committed 131008K, reserved 1163264K
  class space    used 16896K, committed 17344K, reserved 1048576K
}
Event: 23.049 GC heap after
{Heap after GC invocations=70 (full 0):
 garbage-first heap   total 293888K, used 171697K [0x0000000080000000, 0x0000000100000000)
  region size 1024K, 11 young (11264K), 11 survivors (11264K)
 Metaspace       used 130185K, committed 131008K, reserved 1163264K
  class space    used 16896K, committed 17344K, reserved 1048576K
}
Event: 23.729 GC heap before
{Heap before GC invocations=71 (full 0):
 garbage-first heap   total 301056K, used 238257K [0x0000000080000000, 0x0000000100000000)
  region size 1024K, 75 young (76800K), 11 survivors (11264K)
 Metaspace       used 134070K, committed 134912K, reserved 1171456K
  class space    used 17470K, committed 17856K, reserved 1048576K
}
Event: 23.735 GC heap after
{Heap after GC invocations=72 (full 0):
 garbage-first heap   total 301056K, used 172978K [0x0000000080000000, 0x0000000100000000)
  region size 1024K, 6 young (6144K), 6 survivors (6144K)
 Metaspace       used 134070K, committed 134912K, reserved 1171456K
  class space    used 17470K, committed 17856K, reserved 1048576K
}
Event: 23.876 GC heap before
{Heap before GC invocations=72 (full 0):
 garbage-first heap   total 301056K, used 181170K [0x0000000080000000, 0x0000000100000000)
  region size 1024K, 14 young (14336K), 6 survivors (6144K)
 Metaspace       used 135672K, committed 136576K, reserved 1171456K
  class space    used 17746K, committed 18176K, reserved 1048576K
}
Event: 23.880 GC heap after
{Heap after GC invocations=73 (full 0):
 garbage-first heap   total 301056K, used 169383K [0x0000000080000000, 0x0000000100000000)
  region size 1024K, 2 young (2048K), 2 survivors (2048K)
 Metaspace       used 135672K, committed 136576K, reserved 1171456K
  class space    used 17746K, committed 18176K, reserved 1048576K
}

